<?xml version="1.0" encoding="UTF-8"?>
<testng-results skipped="0" failed="0" ignored="0" total="1" passed="1">
  <reporter-output>
  </reporter-output>
  <suite name="Suite" duration-ms="24572" started-at="2020-09-18T13:42:03Z" finished-at="2020-09-18T13:42:28Z">
    <groups>
    </groups>
    <test name="Test" duration-ms="24572" started-at="2020-09-18T13:42:03Z" finished-at="2020-09-18T13:42:28Z">
      <class name="quick.Ashish.AshTest2">
        <test-method status="PASS" signature="initialization()[pri:0, instance:quick.Ashish.AshTest2@67a20f67]" name="initialization" is-config="true" duration-ms="16286" started-at="2020-09-18T19:12:03Z" finished-at="2020-09-18T19:12:20Z">
          <reporter-output>
          </reporter-output>
        </test-method> <!-- initialization -->
        <test-method status="PASS" signature="starts(java.lang.String, java.lang.String, java.lang.String)[pri:0, instance:quick.Ashish.AshTest2@67a20f67]" name="starts" duration-ms="5089" started-at="2020-09-18T19:12:21Z" data-provider="data" finished-at="2020-09-18T19:12:26Z">
          <params>
            <param index="0">
              <value>
                <![CDATA[test]]>
              </value>
            </param>
            <param index="1">
              <value>
                <![CDATA[test@test.com]]>
              </value>
            </param>
            <param index="2">
              <value>
                <![CDATA[test]]>
              </value>
            </param>
          </params>
          <reporter-output>
          </reporter-output>
        </test-method> <!-- starts -->
      </class> <!-- quick.Ashish.AshTest2 -->
    </test> <!-- Test -->
  </suite> <!-- Suite -->
</testng-results>
